<?xml version="1.0" encoding="UTF-8"?>
<testsuite name="de.gradlebuch.TestHelloWorld" tests="1" skipped="0" failures="0" errors="0" timestamp="2017-07-13T13:58:04" hostname="Hanness-PC" time="0.0">
  <properties/>
  <testcase name="testGenerateGreetingsData" classname="de.gradlebuch.TestHelloWorld" time="0.0"/>
  <system-out><![CDATA[]]></system-out>
  <system-err><![CDATA[]]></system-err>
</testsuite>
